<?xml version="1.0" encoding="UTF-8"?>
<coverage generated="1710242961817" clover="3.2.0">
  <project timestamp="1710242961817" name="All files">
    <metrics statements="53" coveredstatements="47" conditionals="27" coveredconditionals="21" methods="18" coveredmethods="15" elements="98" coveredelements="83" complexity="0" loc="53" ncloc="53" packages="5" files="6" classes="6"/>
    <package name="devexpressVitestError">
      <metrics statements="1" coveredstatements="0" conditionals="0" coveredconditionals="0" methods="0" coveredmethods="0"/>
      <file name=".eslintrc.cjs" path="D:/Bonobo/devexpressVitestError/.eslintrc.cjs">
        <metrics statements="1" coveredstatements="0" conditionals="0" coveredconditionals="0" methods="0" coveredmethods="0"/>
        <line num="1" count="0" type="stmt"/>
      </file>
    </package>
    <package name="devexpressVitestError.src">
      <metrics statements="8" coveredstatements="7" conditionals="0" coveredconditionals="0" methods="5" coveredmethods="5"/>
      <file name="App.tsx" path="D:/Bonobo/devexpressVitestError/src/App.tsx">
        <metrics statements="7" coveredstatements="7" conditionals="0" coveredconditionals="0" methods="5" coveredmethods="5"/>
        <line num="15" count="3" type="stmt"/>
        <line num="17" count="3" type="stmt"/>
        <line num="30" count="3" type="stmt"/>
        <line num="66" count="3" type="stmt"/>
        <line num="75" count="3" type="stmt"/>
        <line num="88" count="3" type="stmt"/>
        <line num="114" count="2" type="stmt"/>
      </file>
      <file name="main.tsx" path="D:/Bonobo/devexpressVitestError/src/main.tsx">
        <metrics statements="1" coveredstatements="0" conditionals="0" coveredconditionals="0" methods="0" coveredmethods="0"/>
        <line num="6" count="0" type="stmt"/>
      </file>
    </package>
    <package name="devexpressVitestError.src.DataGridColumnCell">
      <metrics statements="1" coveredstatements="1" conditionals="2" coveredconditionals="1" methods="1" coveredmethods="1"/>
      <file name="DataGridColumnCell.tsx" path="D:/Bonobo/devexpressVitestError/src/DataGridColumnCell/DataGridColumnCell.tsx">
        <metrics statements="1" coveredstatements="1" conditionals="2" coveredconditionals="1" methods="1" coveredmethods="1"/>
        <line num="6" count="6" type="stmt"/>
      </file>
    </package>
    <package name="devexpressVitestError.src.DataGridHeaderCell">
      <metrics statements="2" coveredstatements="2" conditionals="4" coveredconditionals="1" methods="1" coveredmethods="1"/>
      <file name="DataGridHeaderCell.tsx" path="D:/Bonobo/devexpressVitestError/src/DataGridHeaderCell/DataGridHeaderCell.tsx">
        <metrics statements="2" coveredstatements="2" conditionals="4" coveredconditionals="1" methods="1" coveredmethods="1"/>
        <line num="8" count="1" type="stmt"/>
        <line num="9" count="3" type="stmt"/>
      </file>
    </package>
    <package name="devexpressVitestError.src.DevExpressRichTextEditor">
      <metrics statements="41" coveredstatements="37" conditionals="21" coveredconditionals="19" methods="11" coveredmethods="8"/>
      <file name="DevExpressRichTextEditor.tsx" path="D:/Bonobo/devexpressVitestError/src/DevExpressRichTextEditor/DevExpressRichTextEditor.tsx">
        <metrics statements="41" coveredstatements="37" conditionals="21" coveredconditionals="19" methods="11" coveredmethods="8"/>
        <line num="35" count="10" type="stmt"/>
        <line num="36" count="10" type="stmt"/>
        <line num="38" count="10" type="stmt"/>
        <line num="39" count="10" type="stmt"/>
        <line num="40" count="10" type="stmt"/>
        <line num="41" count="10" type="stmt"/>
        <line num="43" count="10" type="stmt"/>
        <line num="44" count="5" type="cond" truecount="4" falsecount="0"/>
        <line num="45" count="1" type="stmt"/>
        <line num="46" count="1" type="stmt"/>
        <line num="50" count="10" type="stmt"/>
        <line num="51" count="4" type="stmt"/>
        <line num="52" count="4" type="stmt"/>
        <line num="53" count="4" type="stmt"/>
        <line num="55" count="4" type="stmt"/>
        <line num="60" count="4" type="stmt"/>
        <line num="62" count="4" type="stmt"/>
        <line num="67" count="4" type="stmt"/>
        <line num="68" count="0" type="stmt"/>
        <line num="69" count="0" type="stmt"/>
        <line num="73" count="4" type="stmt"/>
        <line num="74" count="4" type="stmt"/>
        <line num="76" count="4" type="stmt"/>
        <line num="88" count="4" type="stmt"/>
        <line num="89" count="4" type="cond" truecount="1" falsecount="1"/>
        <line num="90" count="0" type="stmt"/>
        <line num="92" count="4" type="stmt"/>
        <line num="94" count="4" type="stmt"/>
        <line num="96" count="4" type="stmt"/>
        <line num="98" count="4" type="stmt"/>
        <line num="99" count="4" type="stmt"/>
        <line num="100" count="4" type="stmt"/>
        <line num="104" count="10" type="stmt"/>
        <line num="105" count="8" type="cond" truecount="4" falsecount="0"/>
        <line num="106" count="1" type="stmt"/>
        <line num="110" count="10" type="stmt"/>
        <line num="119" count="1" type="stmt"/>
        <line num="120" count="1" type="cond" truecount="1" falsecount="1"/>
        <line num="121" count="1" type="stmt"/>
        <line num="123" count="1" type="stmt"/>
        <line num="126" count="0" type="stmt"/>
      </file>
    </package>
  </project>
</coverage>
