{"D:/Bonobo/devexpressVitestError/.eslintrc.cjs": {"path":"D:/Bonobo/devexpressVitestError/.eslintrc.cjs","statementMap":{"0":{"start":{"line":1,"column":0},"end":{"line":18,"column":1}}},"fnMap":{},"branchMap":{},"s":{"0":0},"f":{},"b":{}}
,"D:/Bonobo/devexpressVitestError/src/App.tsx": {"path":"D:/Bonobo/devexpressVitestError/src/App.tsx","statementMap":{"0":{"start":{"line":15,"column":24},"end":{"line":15,"column":null}},"1":{"start":{"line":17,"column":23},"end":{"line":28,"column":null}},"2":{"start":{"line":30,"column":2},"end":{"line":116,"column":null}},"3":{"start":{"line":66,"column":47},"end":{"line":66,"column":null}},"4":{"start":{"line":75,"column":47},"end":{"line":75,"column":null}},"5":{"start":{"line":88,"column":20},"end":{"line":105,"column":null}},"6":{"start":{"line":114,"column":32},"end":{"line":114,"column":null}}},"fnMap":{"0":{"name":"App","decl":{"start":{"line":14,"column":9},"end":{"line":14,"column":15}},"loc":{"start":{"line":14,"column":15},"end":{"line":118,"column":null}}},"1":{"name":"(anonymous_1)","decl":{"start":{"line":66,"column":39},"end":{"line":66,"column":47}},"loc":{"start":{"line":66,"column":47},"end":{"line":66,"column":null}}},"2":{"name":"(anonymous_2)","decl":{"start":{"line":75,"column":39},"end":{"line":75,"column":47}},"loc":{"start":{"line":75,"column":47},"end":{"line":75,"column":null}}},"3":{"name":"(anonymous_3)","decl":{"start":{"line":87,"column":28},"end":{"line":87,"column":29}},"loc":{"start":{"line":87,"column":41},"end":{"line":107,"column":null}}},"4":{"name":"(anonymous_4)","decl":{"start":{"line":114,"column":26},"end":{"line":114,"column":32}},"loc":{"start":{"line":114,"column":32},"end":{"line":114,"column":null}}}},"branchMap":{},"s":{"0":3,"1":3,"2":3,"3":3,"4":3,"5":3,"6":2},"f":{"0":3,"1":3,"2":3,"3":3,"4":2},"b":{}}
,"D:/Bonobo/devexpressVitestError/src/main.tsx": {"path":"D:/Bonobo/devexpressVitestError/src/main.tsx","statementMap":{"0":{"start":{"line":6,"column":0},"end":{"line":8,"column":null}}},"fnMap":{},"branchMap":{},"s":{"0":0},"f":{},"b":{}}
,"D:/Bonobo/devexpressVitestError/src/DataGridColumnCell/DataGridColumnCell.tsx": {"path":"D:/Bonobo/devexpressVitestError/src/DataGridColumnCell/DataGridColumnCell.tsx","statementMap":{"0":{"start":{"line":6,"column":2},"end":{"line":9,"column":null}}},"fnMap":{"0":{"name":"DataGridColumnCell","decl":{"start":{"line":5,"column":9},"end":{"line":5,"column":28}},"loc":{"start":{"line":5,"column":59},"end":{"line":11,"column":null}}}},"branchMap":{"0":{"loc":{"start":{"line":8,"column":7},"end":{"line":8,"column":null}},"type":"cond-expr","locations":[{"start":{"line":8,"column":43},"end":{"line":8,"column":55}},{"start":{"line":8,"column":55},"end":{"line":8,"column":null}}]}},"s":{"0":6},"f":{"0":6},"b":{"0":[0,6]}}
,"D:/Bonobo/devexpressVitestError/src/DataGridHeaderCell/DataGridHeaderCell.tsx": {"path":"D:/Bonobo/devexpressVitestError/src/DataGridHeaderCell/DataGridHeaderCell.tsx","statementMap":{"0":{"start":{"line":8,"column":27},"end":{"line":25,"column":null}},"1":{"start":{"line":9,"column":2},"end":{"line":23,"column":null}}},"fnMap":{"0":{"name":"(anonymous_0)","decl":{"start":{"line":8,"column":27},"end":{"line":8,"column":28}},"loc":{"start":{"line":8,"column":62},"end":{"line":25,"column":null}}}},"branchMap":{"0":{"loc":{"start":{"line":12,"column":7},"end":{"line":22,"column":null}},"type":"cond-expr","locations":[{"start":{"line":14,"column":12},"end":{"line":19,"column":null}},{"start":{"line":22,"column":10},"end":{"line":22,"column":null}}]},"1":{"loc":{"start":{"line":14,"column":12},"end":{"line":19,"column":null}},"type":"cond-expr","locations":[{"start":{"line":16,"column":18},"end":{"line":16,"column":null}},{"start":{"line":19,"column":18},"end":{"line":19,"column":null}}]}},"s":{"0":1,"1":3},"f":{"0":3},"b":{"0":[0,3],"1":[0,0]}}
,"D:/Bonobo/devexpressVitestError/src/DevExpressRichTextEditor/DevExpressRichTextEditor.tsx": {"path":"D:/Bonobo/devexpressVitestError/src/DevExpressRichTextEditor/DevExpressRichTextEditor.tsx","statementMap":{"0":{"start":{"line":35,"column":2},"end":{"line":35,"column":null}},"1":{"start":{"line":36,"column":2},"end":{"line":36,"column":null}},"2":{"start":{"line":38,"column":25},"end":{"line":38,"column":null}},"3":{"start":{"line":39,"column":24},"end":{"line":39,"column":null}},"4":{"start":{"line":40,"column":48},"end":{"line":40,"column":null}},"5":{"start":{"line":41,"column":38},"end":{"line":41,"column":null}},"6":{"start":{"line":43,"column":2},"end":{"line":48,"column":null}},"7":{"start":{"line":44,"column":4},"end":{"line":47,"column":null}},"8":{"start":{"line":45,"column":6},"end":{"line":45,"column":null}},"9":{"start":{"line":45,"column":52},"end":{"line":45,"column":80}},"10":{"start":{"line":46,"column":6},"end":{"line":46,"column":null}},"11":{"start":{"line":50,"column":2},"end":{"line":102,"column":null}},"12":{"start":{"line":51,"column":20},"end":{"line":51,"column":null}},"13":{"start":{"line":52,"column":4},"end":{"line":52,"column":null}},"14":{"start":{"line":53,"column":4},"end":{"line":53,"column":null}},"15":{"start":{"line":55,"column":4},"end":{"line":58,"column":null}},"16":{"start":{"line":60,"column":4},"end":{"line":60,"column":null}},"17":{"start":{"line":62,"column":4},"end":{"line":65,"column":null}},"18":{"start":{"line":67,"column":4},"end":{"line":71,"column":null}},"19":{"start":{"line":68,"column":6},"end":{"line":70,"column":null}},"20":{"start":{"line":69,"column":8},"end":{"line":69,"column":null}},"21":{"start":{"line":69,"column":34},"end":{"line":69,"column":53}},"22":{"start":{"line":73,"column":4},"end":{"line":73,"column":null}},"23":{"start":{"line":74,"column":4},"end":{"line":74,"column":null}},"24":{"start":{"line":76,"column":4},"end":{"line":86,"column":null}},"25":{"start":{"line":88,"column":28},"end":{"line":88,"column":null}},"26":{"start":{"line":89,"column":4},"end":{"line":91,"column":null}},"27":{"start":{"line":90,"column":6},"end":{"line":90,"column":null}},"28":{"start":{"line":92,"column":4},"end":{"line":92,"column":null}},"29":{"start":{"line":94,"column":4},"end":{"line":94,"column":null}},"30":{"start":{"line":96,"column":4},"end":{"line":96,"column":null}},"31":{"start":{"line":98,"column":4},"end":{"line":101,"column":null}},"32":{"start":{"line":99,"column":6},"end":{"line":99,"column":null}},"33":{"start":{"line":100,"column":6},"end":{"line":100,"column":null}},"34":{"start":{"line":104,"column":2},"end":{"line":108,"column":null}},"35":{"start":{"line":105,"column":4},"end":{"line":107,"column":null}},"36":{"start":{"line":106,"column":6},"end":{"line":106,"column":null}},"37":{"start":{"line":110,"column":2},"end":{"line":135,"column":null}},"38":{"start":{"line":119,"column":14},"end":{"line":119,"column":null}},"39":{"start":{"line":120,"column":14},"end":{"line":127,"column":null}},"40":{"start":{"line":121,"column":16},"end":{"line":124,"column":null}},"41":{"start":{"line":123,"column":20},"end":{"line":123,"column":null}},"42":{"start":{"line":126,"column":16},"end":{"line":126,"column":null}}},"fnMap":{"0":{"name":"DevExpressRichTextEditor","decl":{"start":{"line":25,"column":9},"end":{"line":25,"column":34}},"loc":{"start":{"line":34,"column":30},"end":{"line":137,"column":null}}},"1":{"name":"(anonymous_1)","decl":{"start":{"line":43,"column":12},"end":{"line":43,"column":18}},"loc":{"start":{"line":43,"column":18},"end":{"line":48,"column":5}}},"2":{"name":"(anonymous_2)","decl":{"start":{"line":45,"column":42},"end":{"line":45,"column":52}},"loc":{"start":{"line":45,"column":52},"end":{"line":45,"column":80}}},"3":{"name":"(anonymous_3)","decl":{"start":{"line":50,"column":12},"end":{"line":50,"column":18}},"loc":{"start":{"line":50,"column":18},"end":{"line":102,"column":5}}},"4":{"name":"(anonymous_4)","decl":{"start":{"line":67,"column":28},"end":{"line":67,"column":29}},"loc":{"start":{"line":67,"column":38},"end":{"line":71,"column":null}}},"5":{"name":"(anonymous_5)","decl":{"start":{"line":68,"column":24},"end":{"line":68,"column":25}},"loc":{"start":{"line":68,"column":31},"end":{"line":70,"column":7}}},"6":{"name":"(anonymous_6)","decl":{"start":{"line":69,"column":28},"end":{"line":69,"column":34}},"loc":{"start":{"line":69,"column":34},"end":{"line":69,"column":53}}},"7":{"name":"(anonymous_7)","decl":{"start":{"line":98,"column":11},"end":{"line":98,"column":17}},"loc":{"start":{"line":98,"column":17},"end":{"line":101,"column":null}}},"8":{"name":"(anonymous_8)","decl":{"start":{"line":104,"column":12},"end":{"line":104,"column":18}},"loc":{"start":{"line":104,"column":18},"end":{"line":108,"column":5}}},"9":{"name":"(anonymous_9)","decl":{"start":{"line":118,"column":21},"end":{"line":118,"column":22}},"loc":{"start":{"line":118,"column":28},"end":{"line":128,"column":null}}},"10":{"name":"(anonymous_10)","decl":{"start":{"line":122,"column":24},"end":{"line":122,"column":36}},"loc":{"start":{"line":122,"column":36},"end":{"line":124,"column":19}}}},"branchMap":{"0":{"loc":{"start":{"line":30,"column":2},"end":{"line":30,"column":null}},"type":"default-arg","locations":[{"start":{"line":30,"column":37},"end":{"line":30,"column":null}}]},"1":{"loc":{"start":{"line":33,"column":2},"end":{"line":33,"column":null}},"type":"default-arg","locations":[{"start":{"line":33,"column":14},"end":{"line":33,"column":null}}]},"2":{"loc":{"start":{"line":44,"column":4},"end":{"line":47,"column":null}},"type":"if","locations":[{"start":{"line":44,"column":4},"end":{"line":47,"column":null}},{"start":{"line":44,"column":4},"end":{"line":47,"column":null}}]},"3":{"loc":{"start":{"line":44,"column":8},"end":{"line":44,"column":57}},"type":"binary-expr","locations":[{"start":{"line":44,"column":8},"end":{"line":44,"column":34}},{"start":{"line":44,"column":34},"end":{"line":44,"column":57}}]},"4":{"loc":{"start":{"line":89,"column":4},"end":{"line":91,"column":null}},"type":"if","locations":[{"start":{"line":89,"column":4},"end":{"line":91,"column":null}},{"start":{"line":89,"column":4},"end":{"line":91,"column":null}}]},"5":{"loc":{"start":{"line":105,"column":4},"end":{"line":107,"column":null}},"type":"if","locations":[{"start":{"line":105,"column":4},"end":{"line":107,"column":null}},{"start":{"line":105,"column":4},"end":{"line":107,"column":null}}]},"6":{"loc":{"start":{"line":105,"column":8},"end":{"line":105,"column":48}},"type":"binary-expr","locations":[{"start":{"line":105,"column":8},"end":{"line":105,"column":30}},{"start":{"line":105,"column":30},"end":{"line":105,"column":48}}]},"7":{"loc":{"start":{"line":112,"column":8},"end":{"line":112,"column":null}},"type":"binary-expr","locations":[{"start":{"line":112,"column":8},"end":{"line":112,"column":27}},{"start":{"line":112,"column":27},"end":{"line":112,"column":53}},{"start":{"line":112,"column":53},"end":{"line":112,"column":90}},{"start":{"line":112,"column":90},"end":{"line":112,"column":null}}]},"8":{"loc":{"start":{"line":113,"column":7},"end":{"line":132,"column":null}},"type":"binary-expr","locations":[{"start":{"line":113,"column":7},"end":{"line":113,"column":20}},{"start":{"line":113,"column":20},"end":{"line":113,"column":null}},{"start":{"line":114,"column":8},"end":{"line":132,"column":null}}]},"9":{"loc":{"start":{"line":120,"column":14},"end":{"line":127,"column":null}},"type":"if","locations":[{"start":{"line":120,"column":14},"end":{"line":127,"column":null}},{"start":{"line":125,"column":21},"end":{"line":127,"column":null}}]}},"s":{"0":10,"1":10,"2":10,"3":10,"4":10,"5":10,"6":10,"7":5,"8":1,"9":1,"10":1,"11":10,"12":4,"13":4,"14":4,"15":4,"16":4,"17":4,"18":4,"19":0,"20":0,"21":0,"22":4,"23":4,"24":4,"25":4,"26":4,"27":0,"28":4,"29":4,"30":4,"31":4,"32":4,"33":4,"34":10,"35":8,"36":1,"37":10,"38":1,"39":1,"40":1,"41":1,"42":0},"f":{"0":10,"1":5,"2":1,"3":4,"4":0,"5":0,"6":0,"7":4,"8":8,"9":1,"10":1},"b":{"0":[10],"1":[10],"2":[1,4],"3":[5,1],"4":[0,4],"5":[1,7],"6":[8,2],"7":[10,6,6,4],"8":[10,10,9],"9":[1,0]}}
}
