TN:
SF:.eslintrc.cjs
FNF:0
FNH:0
DA:1,0
LF:1
LH:0
BRF:0
BRH:0
end_of_record
TN:
SF:src\App.tsx
FN:14,App
FN:66,(anonymous_1)
FN:75,(anonymous_2)
FN:87,(anonymous_3)
FN:114,(anonymous_4)
FNF:5
FNH:5
FNDA:3,App
FNDA:3,(anonymous_1)
FNDA:3,(anonymous_2)
FNDA:3,(anonymous_3)
FNDA:2,(anonymous_4)
DA:15,3
DA:17,3
DA:30,3
DA:66,3
DA:75,3
DA:88,3
DA:114,2
LF:7
LH:7
BRF:0
BRH:0
end_of_record
TN:
SF:src\main.tsx
FNF:0
FNH:0
DA:6,0
LF:1
LH:0
BRF:0
BRH:0
end_of_record
TN:
SF:src\DataGridColumnCell\DataGridColumnCell.tsx
FN:5,DataGridColumnCell
FNF:1
FNH:1
FNDA:6,DataGridColumnCell
DA:6,6
LF:1
LH:1
BRDA:8,0,0,0
BRDA:8,0,1,6
BRF:2
BRH:1
end_of_record
TN:
SF:src\DataGridHeaderCell\DataGridHeaderCell.tsx
FN:8,(anonymous_0)
FNF:1
FNH:1
FNDA:3,(anonymous_0)
DA:8,1
DA:9,3
LF:2
LH:2
BRDA:12,0,0,0
BRDA:12,0,1,3
BRDA:14,1,0,0
BRDA:14,1,1,0
BRF:4
BRH:1
end_of_record
TN:
SF:src\DevExpressRichTextEditor\DevExpressRichTextEditor.tsx
FN:25,DevExpressRichTextEditor
FN:43,(anonymous_1)
FN:45,(anonymous_2)
FN:50,(anonymous_3)
FN:67,(anonymous_4)
FN:68,(anonymous_5)
FN:69,(anonymous_6)
FN:98,(anonymous_7)
FN:104,(anonymous_8)
FN:118,(anonymous_9)
FN:122,(anonymous_10)
FNF:11
FNH:8
FNDA:10,DevExpressRichTextEditor
FNDA:5,(anonymous_1)
FNDA:1,(anonymous_2)
FNDA:4,(anonymous_3)
FNDA:0,(anonymous_4)
FNDA:0,(anonymous_5)
FNDA:0,(anonymous_6)
FNDA:4,(anonymous_7)
FNDA:8,(anonymous_8)
FNDA:1,(anonymous_9)
FNDA:1,(anonymous_10)
DA:35,10
DA:36,10
DA:38,10
DA:39,10
DA:40,10
DA:41,10
DA:43,10
DA:44,5
DA:45,1
DA:46,1
DA:50,10
DA:51,4
DA:52,4
DA:53,4
DA:55,4
DA:60,4
DA:62,4
DA:67,4
DA:68,0
DA:69,0
DA:73,4
DA:74,4
DA:76,4
DA:88,4
DA:89,4
DA:90,0
DA:92,4
DA:94,4
DA:96,4
DA:98,4
DA:99,4
DA:100,4
DA:104,10
DA:105,8
DA:106,1
DA:110,10
DA:119,1
DA:120,1
DA:121,1
DA:123,1
DA:126,0
LF:41
LH:37
BRDA:30,0,0,10
BRDA:33,1,0,10
BRDA:44,2,0,1
BRDA:44,2,1,4
BRDA:44,3,0,5
BRDA:44,3,1,1
BRDA:89,4,0,0
BRDA:89,4,1,4
BRDA:105,5,0,1
BRDA:105,5,1,7
BRDA:105,6,0,8
BRDA:105,6,1,2
BRDA:112,7,0,10
BRDA:112,7,1,6
BRDA:112,7,2,6
BRDA:112,7,3,4
BRDA:113,8,0,10
BRDA:113,8,1,10
BRDA:113,8,2,9
BRDA:120,9,0,1
BRDA:120,9,1,0
BRF:21
BRH:19
end_of_record
